<?xml version="1.0" encoding="UTF-8"?>
<testng-results ignored="0" total="1" passed="1" failed="0" skipped="0">
  <reporter-output>
  </reporter-output>
  <suite started-at="2024-03-25T17:23:22 ART" name="Carina Demo Tests - Hello World" finished-at="2024-03-25T17:23:23 ART" duration-ms="81">
    <groups>
    </groups>
    <test started-at="2024-03-25T17:23:22 ART" name="Hello World test" finished-at="2024-03-25T17:23:23 ART" duration-ms="81">
      <class name="com.solvd.posteducation.cucumber.carina.demo.HelloWorld">
        <test-method signature="helloWorld()[pri:0, instance:com.solvd.posteducation.cucumber.carina.demo.HelloWorld@736eb2a2]" started-at="2024-03-25T17:23:22 ART" name="helloWorld" finished-at="2024-03-25T17:23:22 ART" duration-ms="17" status="PASS">
          <reporter-output>
          </reporter-output>
        </test-method> <!-- helloWorld -->
        <test-method is-config="true" signature="onCarinaAfterMethod()[pri:0, instance:com.solvd.posteducation.cucumber.carina.demo.HelloWorld@736eb2a2]" started-at="2024-03-25T17:23:23 ART" name="onCarinaAfterMethod" finished-at="2024-03-25T17:23:23 ART" duration-ms="3" status="PASS">
          <reporter-output>
          </reporter-output>
        </test-method> <!-- onCarinaAfterMethod -->
      </class> <!-- com.solvd.posteducation.cucumber.carina.demo.HelloWorld -->
    </test> <!-- Hello World test -->
  </suite> <!-- Carina Demo Tests - Hello World -->
</testng-results>
