<?xml version="1.0" encoding="UTF-8"?>
<testsuite xmlns:xsi="http://www.w3.org/2001/XMLSchema-instance" xsi:noNamespaceSchemaLocation="https://maven.apache.org/surefire/maven-surefire-plugin/xsd/surefire-test-report-3.0.xsd" version="3.0" name="TestSuite" time="1.482" tests="1" errors="0" skipped="0" failures="0">
  <properties>
[...]
</properties>
  <testcase name="helloWorld" classname="com.solvd.posteducation.cucumber.carina.demo.HelloWorld" time="0.053">
    <system-out><![CDATA[WARN! Value not resolved by key: log_all_json
WARN! Value not resolved by key: s3_region
WARN! Value not resolved by key: azure_container_name
WARN! Value not resolved by key: appcenter_token
WARN! Value not resolved by key: ignore_ssl
2024-03-25 17:23:21 CarinaListener [main] [INFO] 
============= Test configuration =============
url=https://www.gsmarena.com
env=DEMO
selenium_url=http://localhost:4444/wd/hub
auto_screenshot=true
retry_interval=5
project_report_directory=./reports
max_screen_history=10
localization_encoding=UTF-8
language=en_US
selenium_url=http://localhost:4444/wd/hub

------------- Driver capabilities -----------
capabilities.browserName=chrome
================================================

2024-03-25 17:23:21 TestRunRegistrar [main-1] [WARN] Reporting disabled: using no op test run registrar
2024-03-25 17:23:22 CarinaListener [main-1] [INFO] Set thread-count=1
2024-03-25 17:23:22 CarinaListener [main-1] [INFO] Set data-provider-thread-count=1
2024-03-25 17:23:22 CarinaListener [main-1] [INFO] CARINA_CORE_VERSION: 1.0.0
2024-03-25 17:23:22 TestRunRegistrar [TestNG-test=Hello World test-1] [WARN] Reporting disabled: using no op test run registrar
2024-03-25 17:23:22 Messager [TestNG-test=Hello World test-1-35] [INFO] TEST [Hello World test - helloWorld] STARTED at [17:23:22 2024-03-25]
2024-03-25 17:23:22 HelloWorld [TestNG-test=Hello World test-1-35] [INFO] Hello World!
2024-03-25 17:23:22 Messager [TestNG-test=Hello World test-1-35] [INFO] TEST [Hello World test - helloWorld] PASSED at [17:23:22 2024-03-25]
]]></system-out>
  </testcase>
</testsuite>